[2016-10-13 08:03:10] MicroCMS.INFO: Matched route "home". {"route_parameters":{"_controller":"[object] (Closure: {})","_route":"home"},"request_uri":"http://localhost/"} []
[2016-10-13 08:03:10] MicroCMS.INFO: Populated the TokenStorage with an anonymous Token. [] []
[2016-10-13 08:03:10] MicroCMS.INFO: > GET / [] []
[2016-10-13 08:03:11] MicroCMS.INFO: < 200 [] []
[2016-10-13 08:03:11] MicroCMS.INFO: Matched route "article". {"route_parameters":{"_controller":"[object] (Closure: {})","id":"1","_route":"article"},"request_uri":"http://localhost/article/1"} []
[2016-10-13 08:03:11] MicroCMS.INFO: Populated the TokenStorage with an anonymous Token. [] []
[2016-10-13 08:03:11] MicroCMS.INFO: > GET /article/1 [] []
[2016-10-13 08:03:11] MicroCMS.INFO: < 200 [] []
[2016-10-13 08:03:11] MicroCMS.INFO: Matched route "login". {"route_parameters":{"_controller":"[object] (Closure: {})","_route":"login"},"request_uri":"http://localhost/login"} []
[2016-10-13 08:03:11] MicroCMS.INFO: Populated the TokenStorage with an anonymous Token. [] []
[2016-10-13 08:03:11] MicroCMS.INFO: > GET /login [] []
[2016-10-13 08:03:11] MicroCMS.INFO: < 200 [] []
[2016-10-13 08:03:11] MicroCMS.INFO: Matched route "admin". {"route_parameters":{"_controller":"[object] (Closure: {})","_route":"admin"},"request_uri":"http://localhost/admin"} []
[2016-10-13 08:03:11] MicroCMS.INFO: Populated the TokenStorage with an anonymous Token. [] []
[2016-10-13 08:03:11] MicroCMS.INFO: > GET /admin [] []
[2016-10-13 08:03:11] MicroCMS.INFO: < 200 [] []
[2016-10-13 08:03:11] MicroCMS.INFO: Matched route "admin_article_add". {"route_parameters":{"_controller":"[object] (Closure: {})","_route":"admin_article_add"},"request_uri":"http://localhost/admin/article/add"} []
[2016-10-13 08:03:11] MicroCMS.INFO: Populated the TokenStorage with an anonymous Token. [] []
[2016-10-13 08:03:11] MicroCMS.INFO: > GET /admin/article/add [] []
[2016-10-13 08:03:11] MicroCMS.INFO: < 200 [] []
[2016-10-13 08:03:11] MicroCMS.INFO: Matched route "admin_article_edit". {"route_parameters":{"_controller":"[object] (Closure: {})","id":"1","_route":"admin_article_edit"},"request_uri":"http://localhost/admin/article/1/edit"} []
[2016-10-13 08:03:11] MicroCMS.INFO: Populated the TokenStorage with an anonymous Token. [] []
[2016-10-13 08:03:11] MicroCMS.INFO: > GET /admin/article/1/edit [] []
[2016-10-13 08:03:11] MicroCMS.INFO: < 200 [] []
[2016-10-13 08:03:11] MicroCMS.INFO: Matched route "admin_comment_edit". {"route_parameters":{"_controller":"[object] (Closure: {})","id":"1","_route":"admin_comment_edit"},"request_uri":"http://localhost/admin/comment/1/edit"} []
[2016-10-13 08:03:11] MicroCMS.INFO: Populated the TokenStorage with an anonymous Token. [] []
[2016-10-13 08:03:11] MicroCMS.INFO: > GET /admin/comment/1/edit [] []
[2016-10-13 08:03:11] MicroCMS.INFO: < 200 [] []
[2016-10-13 08:03:11] MicroCMS.INFO: Matched route "admin_user_add". {"route_parameters":{"_controller":"[object] (Closure: {})","_route":"admin_user_add"},"request_uri":"http://localhost/admin/user/add"} []
[2016-10-13 08:03:11] MicroCMS.INFO: Populated the TokenStorage with an anonymous Token. [] []
[2016-10-13 08:03:11] MicroCMS.INFO: > GET /admin/user/add [] []
[2016-10-13 08:03:11] MicroCMS.INFO: < 200 [] []
[2016-10-13 08:03:11] MicroCMS.INFO: Matched route "admin_user_edit". {"route_parameters":{"_controller":"[object] (Closure: {})","id":"1","_route":"admin_user_edit"},"request_uri":"http://localhost/admin/user/1/edit"} []
[2016-10-13 08:03:11] MicroCMS.INFO: Populated the TokenStorage with an anonymous Token. [] []
[2016-10-13 08:03:11] MicroCMS.INFO: > GET /admin/user/1/edit [] []
[2016-10-13 08:03:11] MicroCMS.INFO: < 200 [] []
[2016-10-13 10:05:15] MicroCMS.INFO: Matched route "home". {"route_parameters":{"_controller":"[object] (Closure: {})","_route":"home"},"request_uri":"http://microcms/"} []
[2016-10-13 10:05:15] MicroCMS.INFO: Populated the TokenStorage with an anonymous Token. [] []
[2016-10-13 10:05:15] MicroCMS.INFO: > GET / [] []
[2016-10-13 10:05:15] MicroCMS.INFO: < 200 [] []
[2016-10-13 10:05:15] MicroCMS.INFO: Matched route "_wdt". {"route_parameters":{"_controller":"web_profiler.controller.profiler:toolbarAction","token":"ab6a02","_route":"_wdt"},"request_uri":"http://microcms/_profiler/wdt/ab6a02"} []
[2016-10-13 10:05:15] MicroCMS.INFO: Populated the TokenStorage with an anonymous Token. [] []
[2016-10-13 10:05:15] MicroCMS.INFO: > GET /_profiler/wdt/ab6a02 [] []
[2016-10-13 10:05:15] MicroCMS.INFO: < 200 [] []
[2016-10-13 10:15:27] MicroCMS.INFO: Matched route "home". {"route_parameters":{"_controller":"[object] (Closure: {})","_route":"home"},"request_uri":"http://microcms/"} []
[2016-10-13 10:15:27] MicroCMS.INFO: Populated the TokenStorage with an anonymous Token. [] []
[2016-10-13 10:15:27] MicroCMS.INFO: > GET / [] []
[2016-10-13 10:15:27] MicroCMS.INFO: < 200 [] []
[2016-10-13 10:15:27] MicroCMS.INFO: Matched route "_wdt". {"route_parameters":{"_controller":"web_profiler.controller.profiler:toolbarAction","token":"6af7f4","_route":"_wdt"},"request_uri":"http://microcms/_profiler/wdt/6af7f4"} []
[2016-10-13 10:15:27] MicroCMS.INFO: Populated the TokenStorage with an anonymous Token. [] []
[2016-10-13 10:15:27] MicroCMS.INFO: > GET /_profiler/wdt/6af7f4 [] []
[2016-10-13 10:15:28] MicroCMS.INFO: < 200 [] []
[2016-10-13 10:15:36] MicroCMS.INFO: Matched route "home". {"route_parameters":{"_controller":"[object] (Closure: {})","_route":"home"},"request_uri":"http://microcms/"} []
[2016-10-13 10:15:36] MicroCMS.INFO: Populated the TokenStorage with an anonymous Token. [] []
[2016-10-13 10:15:36] MicroCMS.INFO: > GET / [] []
[2016-10-13 10:15:36] MicroCMS.INFO: < 200 [] []
[2016-10-13 10:15:37] MicroCMS.INFO: Matched route "_wdt". {"route_parameters":{"_controller":"web_profiler.controller.profiler:toolbarAction","token":"a86a6c","_route":"_wdt"},"request_uri":"http://microcms/_profiler/wdt/a86a6c"} []
[2016-10-13 10:15:37] MicroCMS.INFO: Populated the TokenStorage with an anonymous Token. [] []
[2016-10-13 10:15:37] MicroCMS.INFO: > GET /_profiler/wdt/a86a6c [] []
[2016-10-13 10:15:37] MicroCMS.INFO: < 200 [] []
[2016-10-13 10:15:41] MicroCMS.INFO: Matched route "login". {"route_parameters":{"_controller":"[object] (Closure: {})","_route":"login"},"request_uri":"http://microcms/login"} []
[2016-10-13 10:15:41] MicroCMS.INFO: Populated the TokenStorage with an anonymous Token. [] []
[2016-10-13 10:15:41] MicroCMS.INFO: > GET /login [] []
[2016-10-13 10:15:41] MicroCMS.INFO: < 200 [] []
[2016-10-13 10:15:41] MicroCMS.INFO: Matched route "_wdt". {"route_parameters":{"_controller":"web_profiler.controller.profiler:toolbarAction","token":"f5357a","_route":"_wdt"},"request_uri":"http://microcms/_profiler/wdt/f5357a"} []
[2016-10-13 10:15:41] MicroCMS.INFO: Populated the TokenStorage with an anonymous Token. [] []
[2016-10-13 10:15:41] MicroCMS.INFO: > GET /_profiler/wdt/f5357a [] []
[2016-10-13 10:15:41] MicroCMS.INFO: < 200 [] []
[2016-10-13 10:15:53] MicroCMS.INFO: Matched route "login_check". {"route_parameters":{"_controller":null,"_route":"login_check"},"request_uri":"http://microcms/login_check"} []
[2016-10-13 10:15:53] MicroCMS.INFO: User has been authenticated successfully. {"username":"admin"} []
[2016-10-13 10:15:53] MicroCMS.INFO: < 302 http://microcms/ [] []
[2016-10-13 10:15:53] MicroCMS.INFO: Matched route "home". {"route_parameters":{"_controller":"[object] (Closure: {})","_route":"home"},"request_uri":"http://microcms/"} []
[2016-10-13 10:15:53] MicroCMS.INFO: > GET / [] []
[2016-10-13 10:15:53] MicroCMS.INFO: < 200 [] []
[2016-10-13 10:15:53] MicroCMS.INFO: Matched route "_wdt". {"route_parameters":{"_controller":"web_profiler.controller.profiler:toolbarAction","token":"913857","_route":"_wdt"},"request_uri":"http://microcms/_profiler/wdt/913857"} []
[2016-10-13 10:15:53] MicroCMS.INFO: > GET /_profiler/wdt/913857 [] []
[2016-10-13 10:15:53] MicroCMS.INFO: < 200 [] []
[2016-10-13 10:15:55] MicroCMS.INFO: Matched route "admin". {"route_parameters":{"_controller":"[object] (Closure: {})","_route":"admin"},"request_uri":"http://microcms/admin"} []
[2016-10-13 10:15:55] MicroCMS.INFO: > GET /admin [] []
[2016-10-13 10:15:55] MicroCMS.INFO: < 200 [] []
[2016-10-13 10:15:55] MicroCMS.INFO: Matched route "_wdt". {"route_parameters":{"_controller":"web_profiler.controller.profiler:toolbarAction","token":"85217a","_route":"_wdt"},"request_uri":"http://microcms/_profiler/wdt/85217a"} []
[2016-10-13 10:15:55] MicroCMS.INFO: > GET /_profiler/wdt/85217a [] []
[2016-10-13 10:15:55] MicroCMS.INFO: < 200 [] []
[2016-10-13 10:24:38] MicroCMS.INFO: Matched route "_profiler". {"route_parameters":{"_controller":"web_profiler.controller.profiler:panelAction","token":"85217a","_route":"_profiler"},"request_uri":"http://microcms/_profiler/85217a?panel=request"} []
[2016-10-13 10:24:38] MicroCMS.INFO: > GET /_profiler/85217a?panel=request [] []
[2016-10-13 10:24:38] MicroCMS.INFO: Matched route "_profiler_search_bar". {"route_parameters":{"_controller":"web_profiler.controller.profiler:searchBarAction","_route":"_profiler_search_bar"},"request_uri":"http://microcms/_profiler/search_bar?panel=request"} []
[2016-10-13 10:24:38] MicroCMS.INFO: < 200 [] []
[2016-10-13 10:24:47] MicroCMS.INFO: Matched route "_profiler". {"route_parameters":{"_controller":"web_profiler.controller.profiler:panelAction","token":"85217a","_route":"_profiler"},"request_uri":"http://microcms/_profiler/85217a?panel=request"} []
[2016-10-13 10:24:47] MicroCMS.INFO: > GET /_profiler/85217a?panel=request [] []
[2016-10-13 10:24:47] MicroCMS.INFO: Matched route "_profiler_search_bar". {"route_parameters":{"_controller":"web_profiler.controller.profiler:searchBarAction","_route":"_profiler_search_bar"},"request_uri":"http://microcms/_profiler/search_bar?panel=request"} []
[2016-10-13 10:24:47] MicroCMS.INFO: < 200 [] []
[2016-10-13 10:24:52] MicroCMS.INFO: Matched route "_profiler". {"route_parameters":{"_controller":"web_profiler.controller.profiler:panelAction","token":"85217a","_route":"_profiler"},"request_uri":"http://microcms/_profiler/85217a?panel=time"} []
[2016-10-13 10:24:52] MicroCMS.INFO: > GET /_profiler/85217a?panel=time [] []
[2016-10-13 10:24:52] MicroCMS.INFO: Matched route "_profiler_search_bar". {"route_parameters":{"_controller":"web_profiler.controller.profiler:searchBarAction","_route":"_profiler_search_bar"},"request_uri":"http://microcms/_profiler/search_bar?panel=time"} []
[2016-10-13 10:24:52] MicroCMS.INFO: < 200 [] []
[2016-10-13 10:24:56] MicroCMS.INFO: Matched route "_profiler". {"route_parameters":{"_controller":"web_profiler.controller.profiler:panelAction","token":"85217a","_route":"_profiler"},"request_uri":"http://microcms/_profiler/85217a?panel=twig"} []
[2016-10-13 10:24:56] MicroCMS.INFO: > GET /_profiler/85217a?panel=twig [] []
[2016-10-13 10:24:56] MicroCMS.INFO: Matched route "_profiler_search_bar". {"route_parameters":{"_controller":"web_profiler.controller.profiler:searchBarAction","_route":"_profiler_search_bar"},"request_uri":"http://microcms/_profiler/search_bar?panel=twig"} []
[2016-10-13 10:24:56] MicroCMS.INFO: < 200 [] []
[2016-10-13 10:28:40] MicroCMS.ERROR: Symfony\Component\HttpKernel\Exception\NotFoundHttpException: No route found for "GET /dummy" (uncaught exception) at /var/www/html/MicroCMS/vendor/symfony/http-kernel/EventListener/RouterListener.php line 176 {"exception":"[object] (Symfony\\Component\\HttpKernel\\Exception\\NotFoundHttpException(code: 0): No route found for \"GET /dummy\" at /var/www/html/MicroCMS/vendor/symfony/http-kernel/EventListener/RouterListener.php:176, Symfony\\Component\\Routing\\Exception\\ResourceNotFoundException(code: 0): No routes found for \"/dummy\". at /var/www/html/MicroCMS/vendor/symfony/routing/Matcher/UrlMatcher.php:98)"} []
[2016-10-13 10:28:40] MicroCMS.INFO: < 404 [] []
[2016-10-13 10:28:41] MicroCMS.INFO: Matched route "_wdt". {"route_parameters":{"_controller":"web_profiler.controller.profiler:toolbarAction","token":"806f4e","_route":"_wdt"},"request_uri":"http://microcms/_profiler/wdt/806f4e"} []
[2016-10-13 10:28:41] MicroCMS.INFO: > GET /_profiler/wdt/806f4e [] []
[2016-10-13 10:28:41] MicroCMS.INFO: < 200 [] []
[2016-10-13 10:28:51] MicroCMS.ERROR: Symfony\Component\HttpKernel\Exception\NotFoundHttpException: No route found for "GET /dummy" (uncaught exception) at /var/www/html/MicroCMS/vendor/symfony/http-kernel/EventListener/RouterListener.php line 176 {"exception":"[object] (Symfony\\Component\\HttpKernel\\Exception\\NotFoundHttpException(code: 0): No route found for \"GET /dummy\" at /var/www/html/MicroCMS/vendor/symfony/http-kernel/EventListener/RouterListener.php:176, Symfony\\Component\\Routing\\Exception\\ResourceNotFoundException(code: 0): No routes found for \"/dummy\". at /var/www/html/MicroCMS/vendor/symfony/routing/Matcher/UrlMatcher.php:98)"} []
[2016-10-13 10:28:51] MicroCMS.INFO: < 404 [] []
[2016-10-13 10:28:51] MicroCMS.INFO: Matched route "_wdt". {"route_parameters":{"_controller":"web_profiler.controller.profiler:toolbarAction","token":"35ac85","_route":"_wdt"},"request_uri":"http://microcms/_profiler/wdt/35ac85"} []
[2016-10-13 10:28:51] MicroCMS.INFO: > GET /_profiler/wdt/35ac85 [] []
[2016-10-13 10:28:51] MicroCMS.INFO: < 200 [] []
[2016-10-13 10:33:35] MicroCMS.ERROR: Symfony\Component\HttpKernel\Exception\NotFoundHttpException: No route found for "GET /dummy" (uncaught exception) at /var/www/html/MicroCMS/vendor/symfony/http-kernel/EventListener/RouterListener.php line 176 {"exception":"[object] (Symfony\\Component\\HttpKernel\\Exception\\NotFoundHttpException(code: 0): No route found for \"GET /dummy\" at /var/www/html/MicroCMS/vendor/symfony/http-kernel/EventListener/RouterListener.php:176, Symfony\\Component\\Routing\\Exception\\ResourceNotFoundException(code: 0): No routes found for \"/dummy\". at /var/www/html/MicroCMS/vendor/symfony/routing/Matcher/UrlMatcher.php:98)"} []
[2016-10-13 10:33:35] MicroCMS.INFO: < 404 [] []
[2016-10-13 10:33:35] MicroCMS.ERROR: Symfony\Component\HttpKernel\Exception\NotFoundHttpException: No route found for "GET /images/404-ghost.png" (from "http://microcms/dummy") (uncaught exception) at /var/www/html/MicroCMS/vendor/symfony/http-kernel/EventListener/RouterListener.php line 176 {"exception":"[object] (Symfony\\Component\\HttpKernel\\Exception\\NotFoundHttpException(code: 0): No route found for \"GET /images/404-ghost.png\" (from \"http://microcms/dummy\") at /var/www/html/MicroCMS/vendor/symfony/http-kernel/EventListener/RouterListener.php:176, Symfony\\Component\\Routing\\Exception\\ResourceNotFoundException(code: 0): No routes found for \"/images/404-ghost.png\". at /var/www/html/MicroCMS/vendor/symfony/routing/Matcher/UrlMatcher.php:98)"} []
[2016-10-13 10:33:35] MicroCMS.INFO: < 404 [] []
[2016-10-13 10:33:35] MicroCMS.INFO: Matched route "_wdt". {"route_parameters":{"_controller":"web_profiler.controller.profiler:toolbarAction","token":"6bf117","_route":"_wdt"},"request_uri":"http://microcms/_profiler/wdt/6bf117"} []
[2016-10-13 10:33:35] MicroCMS.INFO: > GET /_profiler/wdt/6bf117 [] []
[2016-10-13 10:33:35] MicroCMS.INFO: < 200 [] []
[2016-10-13 10:34:52] MicroCMS.ERROR: Symfony\Component\HttpKernel\Exception\NotFoundHttpException: No route found for "GET /dummy" (uncaught exception) at /var/www/html/MicroCMS/vendor/symfony/http-kernel/EventListener/RouterListener.php line 176 {"exception":"[object] (Symfony\\Component\\HttpKernel\\Exception\\NotFoundHttpException(code: 0): No route found for \"GET /dummy\" at /var/www/html/MicroCMS/vendor/symfony/http-kernel/EventListener/RouterListener.php:176, Symfony\\Component\\Routing\\Exception\\ResourceNotFoundException(code: 0): No routes found for \"/dummy\". at /var/www/html/MicroCMS/vendor/symfony/routing/Matcher/UrlMatcher.php:98)"} []
[2016-10-13 10:34:52] MicroCMS.INFO: < 404 [] []
[2016-10-13 10:34:52] MicroCMS.ERROR: Symfony\Component\HttpKernel\Exception\NotFoundHttpException: No route found for "GET /images/404-ghost.png" (from "http://microcms/dummy") (uncaught exception) at /var/www/html/MicroCMS/vendor/symfony/http-kernel/EventListener/RouterListener.php line 176 {"exception":"[object] (Symfony\\Component\\HttpKernel\\Exception\\NotFoundHttpException(code: 0): No route found for \"GET /images/404-ghost.png\" (from \"http://microcms/dummy\") at /var/www/html/MicroCMS/vendor/symfony/http-kernel/EventListener/RouterListener.php:176, Symfony\\Component\\Routing\\Exception\\ResourceNotFoundException(code: 0): No routes found for \"/images/404-ghost.png\". at /var/www/html/MicroCMS/vendor/symfony/routing/Matcher/UrlMatcher.php:98)"} []
[2016-10-13 10:34:52] MicroCMS.INFO: < 404 [] []
[2016-10-13 10:34:52] MicroCMS.INFO: Matched route "_wdt". {"route_parameters":{"_controller":"web_profiler.controller.profiler:toolbarAction","token":"17f022","_route":"_wdt"},"request_uri":"http://microcms/_profiler/wdt/17f022"} []
[2016-10-13 10:34:52] MicroCMS.INFO: > GET /_profiler/wdt/17f022 [] []
[2016-10-13 10:34:53] MicroCMS.INFO: < 200 [] []
[2016-10-13 10:35:01] MicroCMS.INFO: Matched route "_profiler". {"route_parameters":{"_controller":"web_profiler.controller.profiler:panelAction","token":"17f022","_route":"_profiler"},"request_uri":"http://microcms/_profiler/17f022?panel=request"} []
[2016-10-13 10:35:01] MicroCMS.INFO: > GET /_profiler/17f022?panel=request [] []
[2016-10-13 10:35:01] MicroCMS.INFO: Matched route "_profiler_search_bar". {"route_parameters":{"_controller":"web_profiler.controller.profiler:searchBarAction","_route":"_profiler_search_bar"},"request_uri":"http://microcms/_profiler/search_bar?panel=request"} []
[2016-10-13 10:35:01] MicroCMS.INFO: < 200 [] []
[2016-10-13 10:35:04] MicroCMS.INFO: Matched route "_profiler". {"route_parameters":{"_controller":"web_profiler.controller.profiler:panelAction","token":"17f022","_route":"_profiler"},"request_uri":"http://microcms/_profiler/17f022?panel=exception"} []
[2016-10-13 10:35:04] MicroCMS.INFO: > GET /_profiler/17f022?panel=exception [] []
[2016-10-13 10:35:05] MicroCMS.INFO: Matched route "_profiler_exception_css". {"route_parameters":{"_controller":"web_profiler.controller.exception:cssAction","token":"17f022","_route":"_profiler_exception_css"},"request_uri":"http://microcms/_profiler/exception/17f022.css"} []
[2016-10-13 10:35:05] MicroCMS.INFO: Matched route "_profiler_exception". {"route_parameters":{"_controller":"web_profiler.controller.exception:showAction","token":"17f022","_route":"_profiler_exception"},"request_uri":"http://microcms/_profiler/exception/17f022"} []
[2016-10-13 10:35:05] MicroCMS.INFO: Matched route "_profiler_search_bar". {"route_parameters":{"_controller":"web_profiler.controller.profiler:searchBarAction","_route":"_profiler_search_bar"},"request_uri":"http://microcms/_profiler/search_bar?panel=exception"} []
[2016-10-13 10:35:05] MicroCMS.INFO: < 200 [] []
[2016-10-13 10:35:13] MicroCMS.INFO: Matched route "_profiler". {"route_parameters":{"_controller":"web_profiler.controller.profiler:panelAction","token":"17f022","_route":"_profiler"},"request_uri":"http://microcms/_profiler/17f022?panel=logger"} []
[2016-10-13 10:35:13] MicroCMS.INFO: > GET /_profiler/17f022?panel=logger [] []
[2016-10-13 10:35:13] MicroCMS.INFO: Matched route "_profiler_search_bar". {"route_parameters":{"_controller":"web_profiler.controller.profiler:searchBarAction","_route":"_profiler_search_bar"},"request_uri":"http://microcms/_profiler/search_bar?panel=logger"} []
[2016-10-13 10:35:13] MicroCMS.INFO: < 200 [] []
[2016-10-13 10:37:15] MicroCMS.ERROR: Symfony\Component\HttpKernel\Exception\NotFoundHttpException: No route found for "GET /dummy" (uncaught exception) at /var/www/html/MicroCMS/vendor/symfony/http-kernel/EventListener/RouterListener.php line 176 {"exception":"[object] (Symfony\\Component\\HttpKernel\\Exception\\NotFoundHttpException(code: 0): No route found for \"GET /dummy\" at /var/www/html/MicroCMS/vendor/symfony/http-kernel/EventListener/RouterListener.php:176, Symfony\\Component\\Routing\\Exception\\ResourceNotFoundException(code: 0): No routes found for \"/dummy\". at /var/www/html/MicroCMS/vendor/symfony/routing/Matcher/UrlMatcher.php:98)"} []
[2016-10-13 10:37:15] MicroCMS.INFO: < 404 [] []
[2016-10-13 10:37:15] MicroCMS.ERROR: Symfony\Component\HttpKernel\Exception\NotFoundHttpException: No route found for "GET /images/404-ghost.png" (from "http://microcms/dummy") (uncaught exception) at /var/www/html/MicroCMS/vendor/symfony/http-kernel/EventListener/RouterListener.php line 176 {"exception":"[object] (Symfony\\Component\\HttpKernel\\Exception\\NotFoundHttpException(code: 0): No route found for \"GET /images/404-ghost.png\" (from \"http://microcms/dummy\") at /var/www/html/MicroCMS/vendor/symfony/http-kernel/EventListener/RouterListener.php:176, Symfony\\Component\\Routing\\Exception\\ResourceNotFoundException(code: 0): No routes found for \"/images/404-ghost.png\". at /var/www/html/MicroCMS/vendor/symfony/routing/Matcher/UrlMatcher.php:98)"} []
[2016-10-13 10:37:15] MicroCMS.INFO: < 404 [] []
[2016-10-13 10:37:16] MicroCMS.INFO: Matched route "_wdt". {"route_parameters":{"_controller":"web_profiler.controller.profiler:toolbarAction","token":"e14f80","_route":"_wdt"},"request_uri":"http://microcms/_profiler/wdt/e14f80"} []
[2016-10-13 10:37:16] MicroCMS.INFO: > GET /_profiler/wdt/e14f80 [] []
[2016-10-13 10:37:16] MicroCMS.INFO: < 200 [] []
[2016-10-13 10:40:52] MicroCMS.ERROR: Symfony\Component\HttpKernel\Exception\NotFoundHttpException: No route found for "GET /dummy" (uncaught exception) at /var/www/html/MicroCMS/vendor/symfony/http-kernel/EventListener/RouterListener.php line 176 {"exception":"[object] (Symfony\\Component\\HttpKernel\\Exception\\NotFoundHttpException(code: 0): No route found for \"GET /dummy\" at /var/www/html/MicroCMS/vendor/symfony/http-kernel/EventListener/RouterListener.php:176, Symfony\\Component\\Routing\\Exception\\ResourceNotFoundException(code: 0): No routes found for \"/dummy\". at /var/www/html/MicroCMS/vendor/symfony/routing/Matcher/UrlMatcher.php:98)"} []
[2016-10-13 10:40:52] MicroCMS.INFO: < 404 [] []
[2016-10-13 10:40:52] MicroCMS.ERROR: Symfony\Component\HttpKernel\Exception\NotFoundHttpException: No route found for "GET /images/404-ghost.png" (from "http://microcms/dummy") (uncaught exception) at /var/www/html/MicroCMS/vendor/symfony/http-kernel/EventListener/RouterListener.php line 176 {"exception":"[object] (Symfony\\Component\\HttpKernel\\Exception\\NotFoundHttpException(code: 0): No route found for \"GET /images/404-ghost.png\" (from \"http://microcms/dummy\") at /var/www/html/MicroCMS/vendor/symfony/http-kernel/EventListener/RouterListener.php:176, Symfony\\Component\\Routing\\Exception\\ResourceNotFoundException(code: 0): No routes found for \"/images/404-ghost.png\". at /var/www/html/MicroCMS/vendor/symfony/routing/Matcher/UrlMatcher.php:98)"} []
[2016-10-13 10:40:52] MicroCMS.INFO: < 404 [] []
[2016-10-13 10:40:52] MicroCMS.INFO: Matched route "_wdt". {"route_parameters":{"_controller":"web_profiler.controller.profiler:toolbarAction","token":"f5f6b6","_route":"_wdt"},"request_uri":"http://microcms/_profiler/wdt/f5f6b6"} []
[2016-10-13 10:40:52] MicroCMS.INFO: > GET /_profiler/wdt/f5f6b6 [] []
[2016-10-13 10:40:53] MicroCMS.INFO: < 200 [] []
[2016-10-13 10:42:23] MicroCMS.ERROR: Symfony\Component\HttpKernel\Exception\NotFoundHttpException: No route found for "GET /dummy" (uncaught exception) at /var/www/html/MicroCMS/vendor/symfony/http-kernel/EventListener/RouterListener.php line 176 {"exception":"[object] (Symfony\\Component\\HttpKernel\\Exception\\NotFoundHttpException(code: 0): No route found for \"GET /dummy\" at /var/www/html/MicroCMS/vendor/symfony/http-kernel/EventListener/RouterListener.php:176, Symfony\\Component\\Routing\\Exception\\ResourceNotFoundException(code: 0): No routes found for \"/dummy\". at /var/www/html/MicroCMS/vendor/symfony/routing/Matcher/UrlMatcher.php:98)"} []
[2016-10-13 10:42:24] MicroCMS.INFO: < 404 [] []
[2016-10-13 10:42:24] MicroCMS.INFO: Matched route "_wdt". {"route_parameters":{"_controller":"web_profiler.controller.profiler:toolbarAction","token":"a0f31a","_route":"_wdt"},"request_uri":"http://microcms/_profiler/wdt/a0f31a"} []
[2016-10-13 10:42:24] MicroCMS.INFO: > GET /_profiler/wdt/a0f31a [] []
[2016-10-13 10:42:24] MicroCMS.INFO: < 200 [] []
[2016-10-13 10:57:56] MicroCMS.INFO: Matched route "api_articles". {"route_parameters":{"_controller":"[object] (Closure: {})","_route":"api_articles"},"request_uri":"http://microcms/api/articles"} []
[2016-10-13 10:57:56] MicroCMS.INFO: > GET /api/articles [] []
[2016-10-13 10:57:56] MicroCMS.INFO: < 200 [] []
[2016-10-13 11:01:38] MicroCMS.INFO: Matched route "api_articles". {"route_parameters":{"_controller":"[object] (Closure: {})","_route":"api_articles"},"request_uri":"http://microcms/api/articles"} []
[2016-10-13 11:01:38] MicroCMS.INFO: > GET /api/articles [] []
[2016-10-13 11:01:38] MicroCMS.INFO: < 200 [] []
[2016-10-13 11:01:38] MicroCMS.ERROR: Symfony\Component\HttpKernel\Exception\NotFoundHttpException: No route found for "GET /favicon.ico" (uncaught exception) at /var/www/html/MicroCMS/vendor/symfony/http-kernel/EventListener/RouterListener.php line 176 {"exception":"[object] (Symfony\\Component\\HttpKernel\\Exception\\NotFoundHttpException(code: 0): No route found for \"GET /favicon.ico\" at /var/www/html/MicroCMS/vendor/symfony/http-kernel/EventListener/RouterListener.php:176, Symfony\\Component\\Routing\\Exception\\ResourceNotFoundException(code: 0): No routes found for \"/favicon.ico\". at /var/www/html/MicroCMS/vendor/symfony/routing/Matcher/UrlMatcher.php:98)"} []
[2016-10-13 11:01:38] MicroCMS.INFO: < 404 [] []
[2016-10-13 11:01:38] MicroCMS.ERROR: Symfony\Component\HttpKernel\Exception\NotFoundHttpException: No route found for "GET /favicon.ico" (uncaught exception) at /var/www/html/MicroCMS/vendor/symfony/http-kernel/EventListener/RouterListener.php line 176 {"exception":"[object] (Symfony\\Component\\HttpKernel\\Exception\\NotFoundHttpException(code: 0): No route found for \"GET /favicon.ico\" at /var/www/html/MicroCMS/vendor/symfony/http-kernel/EventListener/RouterListener.php:176, Symfony\\Component\\Routing\\Exception\\ResourceNotFoundException(code: 0): No routes found for \"/favicon.ico\". at /var/www/html/MicroCMS/vendor/symfony/routing/Matcher/UrlMatcher.php:98)"} []
[2016-10-13 11:01:38] MicroCMS.INFO: < 404 [] []
[2016-10-13 11:03:05] MicroCMS.INFO: Matched route "api_articles". {"route_parameters":{"_controller":"[object] (Closure: {})","_route":"api_articles"},"request_uri":"http://microcms/api/articles"} []
[2016-10-13 11:03:05] MicroCMS.INFO: > GET /api/articles [] []
[2016-10-13 11:03:05] MicroCMS.INFO: < 200 [] []
[2016-10-13 11:25:03] MicroCMS.INFO: Matched route "admin". {"route_parameters":{"_controller":"[object] (Closure: {})","_route":"admin"},"request_uri":"http://microcms/admin"} []
[2016-10-13 11:25:03] MicroCMS.INFO: > GET /admin [] []
[2016-10-13 11:25:03] MicroCMS.INFO: < 200 [] []
[2016-10-13 11:25:03] MicroCMS.INFO: Matched route "_wdt". {"route_parameters":{"_controller":"web_profiler.controller.profiler:toolbarAction","token":"f0cbb6","_route":"_wdt"},"request_uri":"http://microcms/_profiler/wdt/f0cbb6"} []
[2016-10-13 11:25:03] MicroCMS.INFO: > GET /_profiler/wdt/f0cbb6 [] []
[2016-10-13 11:25:04] MicroCMS.INFO: < 200 [] []
[2016-10-13 11:25:05] MicroCMS.INFO: Matched route "admin". {"route_parameters":{"_controller":"[object] (Closure: {})","_route":"admin"},"request_uri":"http://microcms/admin"} []
[2016-10-13 11:25:05] MicroCMS.INFO: > GET /admin [] []
[2016-10-13 11:25:05] MicroCMS.INFO: < 200 [] []
[2016-10-13 11:25:06] MicroCMS.INFO: Matched route "_wdt". {"route_parameters":{"_controller":"web_profiler.controller.profiler:toolbarAction","token":"2da898","_route":"_wdt"},"request_uri":"http://microcms/_profiler/wdt/2da898"} []
[2016-10-13 11:25:06] MicroCMS.INFO: > GET /_profiler/wdt/2da898 [] []
[2016-10-13 11:25:06] MicroCMS.INFO: < 200 [] []
[2016-10-13 11:25:09] MicroCMS.INFO: Matched route "logout". {"route_parameters":{"_controller":null,"_route":"logout"},"request_uri":"http://microcms/logout"} []
[2016-10-13 11:25:09] MicroCMS.INFO: < 302 http://microcms/ [] []
[2016-10-13 11:25:09] MicroCMS.INFO: Matched route "home". {"route_parameters":{"_controller":"[object] (Closure: {})","_route":"home"},"request_uri":"http://microcms/"} []
[2016-10-13 11:25:09] MicroCMS.INFO: Populated the TokenStorage with an anonymous Token. [] []
[2016-10-13 11:25:09] MicroCMS.INFO: > GET / [] []
[2016-10-13 11:25:09] MicroCMS.INFO: < 200 [] []
[2016-10-13 11:25:09] MicroCMS.INFO: Matched route "_wdt". {"route_parameters":{"_controller":"web_profiler.controller.profiler:toolbarAction","token":"4f5aeb","_route":"_wdt"},"request_uri":"http://microcms/_profiler/wdt/4f5aeb"} []
[2016-10-13 11:25:09] MicroCMS.INFO: Populated the TokenStorage with an anonymous Token. [] []
[2016-10-13 11:25:09] MicroCMS.INFO: > GET /_profiler/wdt/4f5aeb [] []
[2016-10-13 11:25:09] MicroCMS.INFO: < 200 [] []
[2016-10-13 11:25:11] MicroCMS.INFO: Matched route "home". {"route_parameters":{"_controller":"[object] (Closure: {})","_route":"home"},"request_uri":"http://microcms/"} []
[2016-10-13 11:25:11] MicroCMS.INFO: Populated the TokenStorage with an anonymous Token. [] []
[2016-10-13 11:25:11] MicroCMS.INFO: > GET / [] []
[2016-10-13 11:25:11] MicroCMS.INFO: < 200 [] []
[2016-10-13 11:25:11] MicroCMS.INFO: Matched route "_wdt". {"route_parameters":{"_controller":"web_profiler.controller.profiler:toolbarAction","token":"1a57e0","_route":"_wdt"},"request_uri":"http://microcms/_profiler/wdt/1a57e0"} []
[2016-10-13 11:25:11] MicroCMS.INFO: Populated the TokenStorage with an anonymous Token. [] []
[2016-10-13 11:25:11] MicroCMS.INFO: > GET /_profiler/wdt/1a57e0 [] []
[2016-10-13 11:25:11] MicroCMS.INFO: < 200 [] []
[2016-10-13 11:25:15] MicroCMS.INFO: Matched route "home". {"route_parameters":{"_controller":"[object] (Closure: {})","_route":"home"},"request_uri":"http://microcms/"} []
[2016-10-13 11:25:15] MicroCMS.INFO: Populated the TokenStorage with an anonymous Token. [] []
[2016-10-13 11:25:15] MicroCMS.INFO: > GET / [] []
[2016-10-13 11:25:15] MicroCMS.INFO: < 200 [] []
[2016-10-13 11:25:15] MicroCMS.INFO: Matched route "_wdt". {"route_parameters":{"_controller":"web_profiler.controller.profiler:toolbarAction","token":"e479ee","_route":"_wdt"},"request_uri":"http://microcms/_profiler/wdt/e479ee"} []
[2016-10-13 11:25:15] MicroCMS.INFO: Populated the TokenStorage with an anonymous Token. [] []
[2016-10-13 11:25:15] MicroCMS.INFO: > GET /_profiler/wdt/e479ee [] []
[2016-10-13 11:25:15] MicroCMS.INFO: < 200 [] []
[2016-10-13 11:28:52] MicroCMS.ERROR: Symfony\Component\HttpKernel\Exception\MethodNotAllowedHttpException: No route found for "POST /api/articles": Method Not Allowed (Allow: GET) (uncaught exception) at /var/www/html/MicroCMS/vendor/symfony/http-kernel/EventListener/RouterListener.php line 180 {"exception":"[object] (Symfony\\Component\\HttpKernel\\Exception\\MethodNotAllowedHttpException(code: 0): No route found for \"POST /api/articles\": Method Not Allowed (Allow: GET) at /var/www/html/MicroCMS/vendor/symfony/http-kernel/EventListener/RouterListener.php:180, Symfony\\Component\\Routing\\Exception\\MethodNotAllowedException(code: 0):  at /var/www/html/MicroCMS/vendor/symfony/routing/Matcher/UrlMatcher.php:97)"} []
[2016-10-13 11:28:52] MicroCMS.INFO: < 405 [] []
[2016-10-13 11:29:35] MicroCMS.ERROR: Symfony\Component\HttpKernel\Exception\MethodNotAllowedHttpException: No route found for "POST /api/articles": Method Not Allowed (Allow: GET) (uncaught exception) at /var/www/html/MicroCMS/vendor/symfony/http-kernel/EventListener/RouterListener.php line 180 {"exception":"[object] (Symfony\\Component\\HttpKernel\\Exception\\MethodNotAllowedHttpException(code: 0): No route found for \"POST /api/articles\": Method Not Allowed (Allow: GET) at /var/www/html/MicroCMS/vendor/symfony/http-kernel/EventListener/RouterListener.php:180, Symfony\\Component\\Routing\\Exception\\MethodNotAllowedException(code: 0):  at /var/www/html/MicroCMS/vendor/symfony/routing/Matcher/UrlMatcher.php:97)"} []
[2016-10-13 11:29:35] MicroCMS.INFO: < 405 [] []
[2016-10-13 11:30:15] MicroCMS.INFO: Matched route "home". {"route_parameters":{"_controller":"[object] (Closure: {})","_route":"home"},"request_uri":"http://microcms/"} []
[2016-10-13 11:30:15] MicroCMS.INFO: Populated the TokenStorage with an anonymous Token. [] []
[2016-10-13 11:30:15] MicroCMS.INFO: > GET / [] []
[2016-10-13 11:30:15] MicroCMS.INFO: < 200 [] []
[2016-10-13 11:30:15] MicroCMS.INFO: Matched route "_wdt". {"route_parameters":{"_controller":"web_profiler.controller.profiler:toolbarAction","token":"42e4b8","_route":"_wdt"},"request_uri":"http://microcms/_profiler/wdt/42e4b8"} []
[2016-10-13 11:30:15] MicroCMS.INFO: Populated the TokenStorage with an anonymous Token. [] []
[2016-10-13 11:30:15] MicroCMS.INFO: > GET /_profiler/wdt/42e4b8 [] []
[2016-10-13 11:30:15] MicroCMS.INFO: < 200 [] []
[2016-10-13 11:30:36] MicroCMS.INFO: Matched route "api_articles". {"route_parameters":{"_controller":"[object] (Closure: {})","_route":"api_articles"},"request_uri":"http://microcms/api/articles"} []
[2016-10-13 11:30:36] MicroCMS.INFO: Populated the TokenStorage with an anonymous Token. [] []
[2016-10-13 11:30:36] MicroCMS.INFO: > GET /api/articles [] []
[2016-10-13 11:30:36] MicroCMS.INFO: < 200 [] []
[2016-10-13 11:30:50] MicroCMS.ERROR: Symfony\Component\HttpKernel\Exception\MethodNotAllowedHttpException: No route found for "POST /api/articles": Method Not Allowed (Allow: GET) (uncaught exception) at /var/www/html/MicroCMS/vendor/symfony/http-kernel/EventListener/RouterListener.php line 180 {"exception":"[object] (Symfony\\Component\\HttpKernel\\Exception\\MethodNotAllowedHttpException(code: 0): No route found for \"POST /api/articles\": Method Not Allowed (Allow: GET) at /var/www/html/MicroCMS/vendor/symfony/http-kernel/EventListener/RouterListener.php:180, Symfony\\Component\\Routing\\Exception\\MethodNotAllowedException(code: 0):  at /var/www/html/MicroCMS/vendor/symfony/routing/Matcher/UrlMatcher.php:97)"} []
[2016-10-13 11:30:50] MicroCMS.INFO: < 405 [] []
[2016-10-13 11:33:38] MicroCMS.ERROR: Symfony\Component\HttpKernel\Exception\MethodNotAllowedHttpException: No route found for "POST /api/articles": Method Not Allowed (Allow: GET) (uncaught exception) at /var/www/html/MicroCMS/vendor/symfony/http-kernel/EventListener/RouterListener.php line 180 {"exception":"[object] (Symfony\\Component\\HttpKernel\\Exception\\MethodNotAllowedHttpException(code: 0): No route found for \"POST /api/articles\": Method Not Allowed (Allow: GET) at /var/www/html/MicroCMS/vendor/symfony/http-kernel/EventListener/RouterListener.php:180, Symfony\\Component\\Routing\\Exception\\MethodNotAllowedException(code: 0):  at /var/www/html/MicroCMS/vendor/symfony/routing/Matcher/UrlMatcher.php:97)"} []
[2016-10-13 11:33:38] MicroCMS.INFO: < 405 [] []
[2016-10-13 11:36:34] MicroCMS.ERROR: Symfony\Component\HttpKernel\Exception\MethodNotAllowedHttpException: No route found for "POST /api/articles": Method Not Allowed (Allow: GET) (uncaught exception) at /var/www/html/MicroCMS/vendor/symfony/http-kernel/EventListener/RouterListener.php line 180 {"exception":"[object] (Symfony\\Component\\HttpKernel\\Exception\\MethodNotAllowedHttpException(code: 0): No route found for \"POST /api/articles\": Method Not Allowed (Allow: GET) at /var/www/html/MicroCMS/vendor/symfony/http-kernel/EventListener/RouterListener.php:180, Symfony\\Component\\Routing\\Exception\\MethodNotAllowedException(code: 0):  at /var/www/html/MicroCMS/vendor/symfony/routing/Matcher/UrlMatcher.php:97)"} []
[2016-10-13 11:36:34] MicroCMS.INFO: < 405 [] []
[2016-10-13 11:37:49] MicroCMS.ERROR: Symfony\Component\HttpKernel\Exception\MethodNotAllowedHttpException: No route found for "POST /api/articles": Method Not Allowed (Allow: GET) (uncaught exception) at /var/www/html/MicroCMS/vendor/symfony/http-kernel/EventListener/RouterListener.php line 180 {"exception":"[object] (Symfony\\Component\\HttpKernel\\Exception\\MethodNotAllowedHttpException(code: 0): No route found for \"POST /api/articles\": Method Not Allowed (Allow: GET) at /var/www/html/MicroCMS/vendor/symfony/http-kernel/EventListener/RouterListener.php:180, Symfony\\Component\\Routing\\Exception\\MethodNotAllowedException(code: 0):  at /var/www/html/MicroCMS/vendor/symfony/routing/Matcher/UrlMatcher.php:97)"} []
[2016-10-13 11:37:49] MicroCMS.INFO: < 405 [] []
[2016-10-13 11:39:05] MicroCMS.INFO: Matched route "home". {"route_parameters":{"_controller":"[object] (Closure: {})","_route":"home"},"request_uri":"http://microcms/"} []
[2016-10-13 11:39:05] MicroCMS.INFO: Populated the TokenStorage with an anonymous Token. [] []
[2016-10-13 11:39:05] MicroCMS.INFO: > GET / [] []
[2016-10-13 11:39:05] MicroCMS.INFO: < 200 [] []
[2016-10-13 11:39:06] MicroCMS.INFO: Matched route "_wdt". {"route_parameters":{"_controller":"web_profiler.controller.profiler:toolbarAction","token":"51ff48","_route":"_wdt"},"request_uri":"http://microcms/_profiler/wdt/51ff48"} []
[2016-10-13 11:39:06] MicroCMS.INFO: Populated the TokenStorage with an anonymous Token. [] []
[2016-10-13 11:39:06] MicroCMS.INFO: > GET /_profiler/wdt/51ff48 [] []
[2016-10-13 11:39:06] MicroCMS.INFO: < 200 [] []
[2016-10-13 11:39:08] MicroCMS.INFO: Matched route "home". {"route_parameters":{"_controller":"[object] (Closure: {})","_route":"home"},"request_uri":"http://microcms/"} []
[2016-10-13 11:39:08] MicroCMS.INFO: Populated the TokenStorage with an anonymous Token. [] []
[2016-10-13 11:39:08] MicroCMS.INFO: > GET / [] []
[2016-10-13 11:39:08] MicroCMS.INFO: < 200 [] []
[2016-10-13 11:39:08] MicroCMS.INFO: Matched route "_wdt". {"route_parameters":{"_controller":"web_profiler.controller.profiler:toolbarAction","token":"9ed453","_route":"_wdt"},"request_uri":"http://microcms/_profiler/wdt/9ed453"} []
[2016-10-13 11:39:08] MicroCMS.INFO: Populated the TokenStorage with an anonymous Token. [] []
[2016-10-13 11:39:08] MicroCMS.INFO: > GET /_profiler/wdt/9ed453 [] []
[2016-10-13 11:39:08] MicroCMS.INFO: < 200 [] []
[2016-10-13 11:39:15] MicroCMS.INFO: Matched route "_profiler". {"route_parameters":{"_controller":"web_profiler.controller.profiler:panelAction","token":"9ed453","_route":"_profiler"},"request_uri":"http://microcms/_profiler/9ed453?panel=request"} []
[2016-10-13 11:39:15] MicroCMS.INFO: Populated the TokenStorage with an anonymous Token. [] []
[2016-10-13 11:39:15] MicroCMS.INFO: > GET /_profiler/9ed453?panel=request [] []
[2016-10-13 11:39:15] MicroCMS.INFO: Matched route "_profiler_search_bar". {"route_parameters":{"_controller":"web_profiler.controller.profiler:searchBarAction","_route":"_profiler_search_bar"},"request_uri":"http://microcms/_profiler/search_bar?panel=request"} []
[2016-10-13 11:39:15] MicroCMS.INFO: < 200 [] []
[2016-10-13 11:39:20] MicroCMS.INFO: Matched route "_profiler". {"route_parameters":{"_controller":"web_profiler.controller.profiler:panelAction","token":"9ed453","_route":"_profiler"},"request_uri":"http://microcms/_profiler/9ed453?panel=twig"} []
[2016-10-13 11:39:20] MicroCMS.INFO: Populated the TokenStorage with an anonymous Token. [] []
[2016-10-13 11:39:20] MicroCMS.INFO: > GET /_profiler/9ed453?panel=twig [] []
[2016-10-13 11:39:21] MicroCMS.INFO: Matched route "_profiler_search_bar". {"route_parameters":{"_controller":"web_profiler.controller.profiler:searchBarAction","_route":"_profiler_search_bar"},"request_uri":"http://microcms/_profiler/search_bar?panel=twig"} []
[2016-10-13 11:39:21] MicroCMS.INFO: < 200 [] []
[2016-10-13 11:41:08] MicroCMS.ERROR: Symfony\Component\HttpKernel\Exception\MethodNotAllowedHttpException: No route found for "POST /api/articles": Method Not Allowed (Allow: GET) (uncaught exception) at /var/www/html/MicroCMS/vendor/symfony/http-kernel/EventListener/RouterListener.php line 180 {"exception":"[object] (Symfony\\Component\\HttpKernel\\Exception\\MethodNotAllowedHttpException(code: 0): No route found for \"POST /api/articles\": Method Not Allowed (Allow: GET) at /var/www/html/MicroCMS/vendor/symfony/http-kernel/EventListener/RouterListener.php:180, Symfony\\Component\\Routing\\Exception\\MethodNotAllowedException(code: 0):  at /var/www/html/MicroCMS/vendor/symfony/routing/Matcher/UrlMatcher.php:97)"} []
[2016-10-13 11:41:08] MicroCMS.INFO: < 405 [] []
[2016-10-13 11:41:47] MicroCMS.ERROR: Symfony\Component\HttpKernel\Exception\MethodNotAllowedHttpException: No route found for "POST /api/articles": Method Not Allowed (Allow: GET) (uncaught exception) at /var/www/html/MicroCMS/vendor/symfony/http-kernel/EventListener/RouterListener.php line 180 {"exception":"[object] (Symfony\\Component\\HttpKernel\\Exception\\MethodNotAllowedHttpException(code: 0): No route found for \"POST /api/articles\": Method Not Allowed (Allow: GET) at /var/www/html/MicroCMS/vendor/symfony/http-kernel/EventListener/RouterListener.php:180, Symfony\\Component\\Routing\\Exception\\MethodNotAllowedException(code: 0):  at /var/www/html/MicroCMS/vendor/symfony/routing/Matcher/UrlMatcher.php:97)"} []
[2016-10-13 11:41:47] MicroCMS.INFO: < 405 [] []
[2016-10-13 11:42:29] MicroCMS.ERROR: Symfony\Component\HttpKernel\Exception\MethodNotAllowedHttpException: No route found for "POST /api/articles": Method Not Allowed (Allow: GET) (uncaught exception) at /var/www/html/MicroCMS/vendor/symfony/http-kernel/EventListener/RouterListener.php line 180 {"exception":"[object] (Symfony\\Component\\HttpKernel\\Exception\\MethodNotAllowedHttpException(code: 0): No route found for \"POST /api/articles\": Method Not Allowed (Allow: GET) at /var/www/html/MicroCMS/vendor/symfony/http-kernel/EventListener/RouterListener.php:180, Symfony\\Component\\Routing\\Exception\\MethodNotAllowedException(code: 0):  at /var/www/html/MicroCMS/vendor/symfony/routing/Matcher/UrlMatcher.php:97)"} []
[2016-10-13 11:42:29] MicroCMS.INFO: < 405 [] []
[2016-10-13 11:42:46] MicroCMS.ERROR: Symfony\Component\HttpKernel\Exception\MethodNotAllowedHttpException: No route found for "POST /api/articles": Method Not Allowed (Allow: GET) (uncaught exception) at /var/www/html/MicroCMS/vendor/symfony/http-kernel/EventListener/RouterListener.php line 180 {"exception":"[object] (Symfony\\Component\\HttpKernel\\Exception\\MethodNotAllowedHttpException(code: 0): No route found for \"POST /api/articles\": Method Not Allowed (Allow: GET) at /var/www/html/MicroCMS/vendor/symfony/http-kernel/EventListener/RouterListener.php:180, Symfony\\Component\\Routing\\Exception\\MethodNotAllowedException(code: 0):  at /var/www/html/MicroCMS/vendor/symfony/routing/Matcher/UrlMatcher.php:97)"} []
[2016-10-13 11:42:46] MicroCMS.INFO: < 405 [] []
[2016-10-13 11:52:41] MicroCMS.INFO: Matched route "home". {"route_parameters":{"_controller":"[object] (Closure: {})","_route":"home"},"request_uri":"http://microcms/"} []
[2016-10-13 11:52:41] MicroCMS.INFO: Populated the TokenStorage with an anonymous Token. [] []
[2016-10-13 11:52:41] MicroCMS.INFO: > GET / [] []
[2016-10-13 11:52:41] MicroCMS.INFO: < 200 [] []
[2016-10-13 11:52:41] MicroCMS.INFO: Matched route "_wdt". {"route_parameters":{"_controller":"web_profiler.controller.profiler:toolbarAction","token":"303bec","_route":"_wdt"},"request_uri":"http://microcms/_profiler/wdt/303bec"} []
[2016-10-13 11:52:41] MicroCMS.INFO: Populated the TokenStorage with an anonymous Token. [] []
[2016-10-13 11:52:41] MicroCMS.INFO: > GET /_profiler/wdt/303bec [] []
[2016-10-13 11:52:41] MicroCMS.INFO: < 200 [] []
[2016-10-13 11:52:44] MicroCMS.INFO: Matched route "home". {"route_parameters":{"_controller":"[object] (Closure: {})","_route":"home"},"request_uri":"http://microcms/"} []
[2016-10-13 11:52:44] MicroCMS.INFO: Populated the TokenStorage with an anonymous Token. [] []
[2016-10-13 11:52:44] MicroCMS.INFO: > GET / [] []
[2016-10-13 11:52:44] MicroCMS.INFO: < 200 [] []
[2016-10-13 11:52:44] MicroCMS.INFO: Matched route "_wdt". {"route_parameters":{"_controller":"web_profiler.controller.profiler:toolbarAction","token":"29c48c","_route":"_wdt"},"request_uri":"http://microcms/_profiler/wdt/29c48c"} []
[2016-10-13 11:52:44] MicroCMS.INFO: Populated the TokenStorage with an anonymous Token. [] []
[2016-10-13 11:52:44] MicroCMS.INFO: > GET /_profiler/wdt/29c48c [] []
[2016-10-13 11:52:45] MicroCMS.INFO: < 200 [] []
[2016-10-13 11:53:47] MicroCMS.ERROR: Symfony\Component\HttpKernel\Exception\MethodNotAllowedHttpException: No route found for "POST /api/articles": Method Not Allowed (Allow: GET) (uncaught exception) at /var/www/html/MicroCMS/vendor/symfony/http-kernel/EventListener/RouterListener.php line 180 {"exception":"[object] (Symfony\\Component\\HttpKernel\\Exception\\MethodNotAllowedHttpException(code: 0): No route found for \"POST /api/articles\": Method Not Allowed (Allow: GET) at /var/www/html/MicroCMS/vendor/symfony/http-kernel/EventListener/RouterListener.php:180, Symfony\\Component\\Routing\\Exception\\MethodNotAllowedException(code: 0):  at /var/www/html/MicroCMS/vendor/symfony/routing/Matcher/UrlMatcher.php:97)"} []
[2016-10-13 11:53:47] MicroCMS.INFO: < 405 [] []
[2016-10-13 12:02:08] MicroCMS.INFO: Matched route "api_articles". {"route_parameters":{"_controller":"[object] (Closure: {})","_route":"api_articles"},"request_uri":"http://microcms/api/articles"} []
[2016-10-13 12:02:08] MicroCMS.INFO: Populated the TokenStorage with an anonymous Token. [] []
[2016-10-13 12:02:08] MicroCMS.INFO: > GET /api/articles [] []
[2016-10-13 12:02:08] MicroCMS.INFO: < 200 [] []
[2016-10-13 12:02:42] MicroCMS.ERROR: Symfony\Component\HttpKernel\Exception\MethodNotAllowedHttpException: No route found for "POST /api/articles": Method Not Allowed (Allow: GET) (uncaught exception) at /var/www/html/MicroCMS/vendor/symfony/http-kernel/EventListener/RouterListener.php line 180 {"exception":"[object] (Symfony\\Component\\HttpKernel\\Exception\\MethodNotAllowedHttpException(code: 0): No route found for \"POST /api/articles\": Method Not Allowed (Allow: GET) at /var/www/html/MicroCMS/vendor/symfony/http-kernel/EventListener/RouterListener.php:180, Symfony\\Component\\Routing\\Exception\\MethodNotAllowedException(code: 0):  at /var/www/html/MicroCMS/vendor/symfony/routing/Matcher/UrlMatcher.php:97)"} []
[2016-10-13 12:02:42] MicroCMS.INFO: < 405 [] []
[2016-10-13 12:04:50] MicroCMS.INFO: Matched route "api_articles". {"route_parameters":{"_controller":"[object] (Closure: {})","_route":"api_articles"},"request_uri":"http://microcms/api/articles"} []
[2016-10-13 12:04:50] MicroCMS.INFO: Populated the TokenStorage with an anonymous Token. [] []
[2016-10-13 12:04:50] MicroCMS.INFO: > GET /api/articles [] []
[2016-10-13 12:04:50] MicroCMS.INFO: < 200 [] []
[2016-10-13 12:05:01] MicroCMS.ERROR: Symfony\Component\HttpKernel\Exception\MethodNotAllowedHttpException: No route found for "POST /api/articles": Method Not Allowed (Allow: GET) (uncaught exception) at /var/www/html/MicroCMS/vendor/symfony/http-kernel/EventListener/RouterListener.php line 180 {"exception":"[object] (Symfony\\Component\\HttpKernel\\Exception\\MethodNotAllowedHttpException(code: 0): No route found for \"POST /api/articles\": Method Not Allowed (Allow: GET) at /var/www/html/MicroCMS/vendor/symfony/http-kernel/EventListener/RouterListener.php:180, Symfony\\Component\\Routing\\Exception\\MethodNotAllowedException(code: 0):  at /var/www/html/MicroCMS/vendor/symfony/routing/Matcher/UrlMatcher.php:97)"} []
[2016-10-13 12:05:01] MicroCMS.INFO: < 405 [] []
[2016-10-13 12:06:10] MicroCMS.ERROR: Symfony\Component\HttpKernel\Exception\MethodNotAllowedHttpException: No route found for "GET /api/article": Method Not Allowed (Allow: POST) (uncaught exception) at /var/www/html/MicroCMS/vendor/symfony/http-kernel/EventListener/RouterListener.php line 180 {"exception":"[object] (Symfony\\Component\\HttpKernel\\Exception\\MethodNotAllowedHttpException(code: 0): No route found for \"GET /api/article\": Method Not Allowed (Allow: POST) at /var/www/html/MicroCMS/vendor/symfony/http-kernel/EventListener/RouterListener.php:180, Symfony\\Component\\Routing\\Exception\\MethodNotAllowedException(code: 0):  at /var/www/html/MicroCMS/vendor/symfony/routing/Matcher/UrlMatcher.php:97)"} []
[2016-10-13 12:06:10] MicroCMS.INFO: < 405 [] []
[2016-10-13 12:06:10] MicroCMS.INFO: Matched route "_wdt". {"route_parameters":{"_controller":"web_profiler.controller.profiler:toolbarAction","token":"3da8b2","_route":"_wdt"},"request_uri":"http://microcms/_profiler/wdt/3da8b2"} []
[2016-10-13 12:06:10] MicroCMS.INFO: Populated the TokenStorage with an anonymous Token. [] []
[2016-10-13 12:06:10] MicroCMS.INFO: > GET /_profiler/wdt/3da8b2 [] []
[2016-10-13 12:06:10] MicroCMS.INFO: < 200 [] []
[2016-10-13 12:06:56] MicroCMS.INFO: Matched route "home". {"route_parameters":{"_controller":"[object] (Closure: {})","_route":"home"},"request_uri":"http://microcms/"} []
[2016-10-13 12:06:56] MicroCMS.INFO: Populated the TokenStorage with an anonymous Token. [] []
[2016-10-13 12:06:56] MicroCMS.INFO: > GET / [] []
[2016-10-13 12:06:56] MicroCMS.INFO: < 200 [] []
[2016-10-13 12:06:57] MicroCMS.INFO: Matched route "_wdt". {"route_parameters":{"_controller":"web_profiler.controller.profiler:toolbarAction","token":"89df87","_route":"_wdt"},"request_uri":"http://microcms/_profiler/wdt/89df87"} []
[2016-10-13 12:06:57] MicroCMS.INFO: Populated the TokenStorage with an anonymous Token. [] []
[2016-10-13 12:06:57] MicroCMS.INFO: > GET /_profiler/wdt/89df87 [] []
[2016-10-13 12:06:57] MicroCMS.INFO: < 200 [] []
[2016-10-13 12:07:29] MicroCMS.ERROR: Symfony\Component\HttpKernel\Exception\MethodNotAllowedHttpException: No route found for "DELETE /api/articles": Method Not Allowed (Allow: GET) (uncaught exception) at /var/www/html/MicroCMS/vendor/symfony/http-kernel/EventListener/RouterListener.php line 180 {"exception":"[object] (Symfony\\Component\\HttpKernel\\Exception\\MethodNotAllowedHttpException(code: 0): No route found for \"DELETE /api/articles\": Method Not Allowed (Allow: GET) at /var/www/html/MicroCMS/vendor/symfony/http-kernel/EventListener/RouterListener.php:180, Symfony\\Component\\Routing\\Exception\\MethodNotAllowedException(code: 0):  at /var/www/html/MicroCMS/vendor/symfony/routing/Matcher/UrlMatcher.php:97)"} []
[2016-10-13 12:07:29] MicroCMS.INFO: < 405 [] []
[2016-10-13 12:07:56] MicroCMS.ERROR: Symfony\Component\HttpKernel\Exception\MethodNotAllowedHttpException: No route found for "POST /api/articles": Method Not Allowed (Allow: GET) (uncaught exception) at /var/www/html/MicroCMS/vendor/symfony/http-kernel/EventListener/RouterListener.php line 180 {"exception":"[object] (Symfony\\Component\\HttpKernel\\Exception\\MethodNotAllowedHttpException(code: 0): No route found for \"POST /api/articles\": Method Not Allowed (Allow: GET) at /var/www/html/MicroCMS/vendor/symfony/http-kernel/EventListener/RouterListener.php:180, Symfony\\Component\\Routing\\Exception\\MethodNotAllowedException(code: 0):  at /var/www/html/MicroCMS/vendor/symfony/routing/Matcher/UrlMatcher.php:97)"} []
[2016-10-13 12:07:56] MicroCMS.INFO: < 405 [] []
[2016-10-13 12:10:07] MicroCMS.ERROR: Symfony\Component\HttpKernel\Exception\MethodNotAllowedHttpException: No route found for "POST /api/articles": Method Not Allowed (Allow: GET) (uncaught exception) at /var/www/html/MicroCMS/vendor/symfony/http-kernel/EventListener/RouterListener.php line 180 {"exception":"[object] (Symfony\\Component\\HttpKernel\\Exception\\MethodNotAllowedHttpException(code: 0): No route found for \"POST /api/articles\": Method Not Allowed (Allow: GET) at /var/www/html/MicroCMS/vendor/symfony/http-kernel/EventListener/RouterListener.php:180, Symfony\\Component\\Routing\\Exception\\MethodNotAllowedException(code: 0):  at /var/www/html/MicroCMS/vendor/symfony/routing/Matcher/UrlMatcher.php:97)"} []
[2016-10-13 12:10:07] MicroCMS.INFO: < 405 [] []
[2016-10-13 12:16:25] MicroCMS.INFO: Matched route "home". {"route_parameters":{"_controller":"[object] (Closure: {})","_route":"home"},"request_uri":"http://microcms/"} []
[2016-10-13 12:16:25] MicroCMS.INFO: Populated the TokenStorage with an anonymous Token. [] []
[2016-10-13 12:16:25] MicroCMS.INFO: > GET / [] []
[2016-10-13 12:16:25] MicroCMS.INFO: < 200 [] []
[2016-10-13 12:16:25] MicroCMS.INFO: Matched route "_wdt". {"route_parameters":{"_controller":"web_profiler.controller.profiler:toolbarAction","token":"6a6303","_route":"_wdt"},"request_uri":"http://microcms/_profiler/wdt/6a6303"} []
[2016-10-13 12:16:25] MicroCMS.INFO: Populated the TokenStorage with an anonymous Token. [] []
[2016-10-13 12:16:25] MicroCMS.INFO: > GET /_profiler/wdt/6a6303 [] []
[2016-10-13 12:16:26] MicroCMS.INFO: < 200 [] []
[2016-10-13 12:16:29] MicroCMS.INFO: Matched route "home". {"route_parameters":{"_controller":"[object] (Closure: {})","_route":"home"},"request_uri":"http://microcms/"} []
[2016-10-13 12:16:29] MicroCMS.INFO: Populated the TokenStorage with an anonymous Token. [] []
[2016-10-13 12:16:29] MicroCMS.INFO: > GET / [] []
[2016-10-13 12:16:29] MicroCMS.INFO: < 200 [] []
[2016-10-13 12:16:29] MicroCMS.INFO: Matched route "_wdt". {"route_parameters":{"_controller":"web_profiler.controller.profiler:toolbarAction","token":"4dfe55","_route":"_wdt"},"request_uri":"http://microcms/_profiler/wdt/4dfe55"} []
[2016-10-13 12:16:29] MicroCMS.INFO: Populated the TokenStorage with an anonymous Token. [] []
[2016-10-13 12:16:29] MicroCMS.INFO: > GET /_profiler/wdt/4dfe55 [] []
[2016-10-13 12:16:29] MicroCMS.INFO: < 200 [] []
[2016-10-13 12:16:34] MicroCMS.INFO: Matched route "login". {"route_parameters":{"_controller":"[object] (Closure: {})","_route":"login"},"request_uri":"http://microcms/login"} []
[2016-10-13 12:16:34] MicroCMS.INFO: Populated the TokenStorage with an anonymous Token. [] []
[2016-10-13 12:16:34] MicroCMS.INFO: > GET /login [] []
[2016-10-13 12:16:34] MicroCMS.INFO: < 200 [] []
[2016-10-13 12:16:34] MicroCMS.INFO: Matched route "_wdt". {"route_parameters":{"_controller":"web_profiler.controller.profiler:toolbarAction","token":"a0b466","_route":"_wdt"},"request_uri":"http://microcms/_profiler/wdt/a0b466"} []
[2016-10-13 12:16:34] MicroCMS.INFO: Populated the TokenStorage with an anonymous Token. [] []
[2016-10-13 12:16:34] MicroCMS.INFO: > GET /_profiler/wdt/a0b466 [] []
[2016-10-13 12:16:34] MicroCMS.INFO: < 200 [] []
[2016-10-13 12:16:47] MicroCMS.INFO: Matched route "login_check". {"route_parameters":{"_controller":null,"_route":"login_check"},"request_uri":"http://microcms/login_check"} []
[2016-10-13 12:16:47] MicroCMS.INFO: User has been authenticated successfully. {"username":"admin"} []
[2016-10-13 12:16:47] MicroCMS.INFO: < 302 http://microcms/ [] []
[2016-10-13 12:16:47] MicroCMS.INFO: Matched route "home". {"route_parameters":{"_controller":"[object] (Closure: {})","_route":"home"},"request_uri":"http://microcms/"} []
[2016-10-13 12:16:47] MicroCMS.INFO: > GET / [] []
[2016-10-13 12:16:47] MicroCMS.INFO: < 200 [] []
[2016-10-13 12:16:48] MicroCMS.INFO: Matched route "_wdt". {"route_parameters":{"_controller":"web_profiler.controller.profiler:toolbarAction","token":"9a8582","_route":"_wdt"},"request_uri":"http://microcms/_profiler/wdt/9a8582"} []
[2016-10-13 12:16:48] MicroCMS.INFO: > GET /_profiler/wdt/9a8582 [] []
[2016-10-13 12:16:48] MicroCMS.INFO: < 200 [] []
[2016-10-13 12:16:54] MicroCMS.INFO: Matched route "admin". {"route_parameters":{"_controller":"[object] (Closure: {})","_route":"admin"},"request_uri":"http://microcms/admin"} []
[2016-10-13 12:16:54] MicroCMS.INFO: > GET /admin [] []
[2016-10-13 12:16:54] MicroCMS.INFO: < 200 [] []
[2016-10-13 12:16:54] MicroCMS.INFO: Matched route "_wdt". {"route_parameters":{"_controller":"web_profiler.controller.profiler:toolbarAction","token":"277a82","_route":"_wdt"},"request_uri":"http://microcms/_profiler/wdt/277a82"} []
[2016-10-13 12:16:54] MicroCMS.INFO: > GET /_profiler/wdt/277a82 [] []
[2016-10-13 12:16:55] MicroCMS.INFO: < 200 [] []
[2016-10-13 12:16:58] MicroCMS.INFO: Matched route "admin_article_add". {"route_parameters":{"_controller":"[object] (Closure: {})","_route":"admin_article_add"},"request_uri":"http://microcms/admin/article/add"} []
[2016-10-13 12:16:58] MicroCMS.INFO: > GET /admin/article/add [] []
[2016-10-13 12:16:58] MicroCMS.INFO: < 200 [] []
[2016-10-13 12:16:59] MicroCMS.INFO: Matched route "_wdt". {"route_parameters":{"_controller":"web_profiler.controller.profiler:toolbarAction","token":"f6b307","_route":"_wdt"},"request_uri":"http://microcms/_profiler/wdt/f6b307"} []
[2016-10-13 12:16:59] MicroCMS.INFO: > GET /_profiler/wdt/f6b307 [] []
[2016-10-13 12:16:59] MicroCMS.INFO: < 200 [] []
[2016-10-13 12:17:09] MicroCMS.INFO: Matched route "admin_article_add". {"route_parameters":{"_controller":"[object] (Closure: {})","_route":"admin_article_add"},"request_uri":"http://microcms/admin/article/add"} []
[2016-10-13 12:17:09] MicroCMS.INFO: > POST /admin/article/add [] []
[2016-10-13 12:17:09] MicroCMS.INFO: < 200 [] []
[2016-10-13 12:17:10] MicroCMS.INFO: Matched route "_wdt". {"route_parameters":{"_controller":"web_profiler.controller.profiler:toolbarAction","token":"568a59","_route":"_wdt"},"request_uri":"http://microcms/_profiler/wdt/568a59"} []
[2016-10-13 12:17:10] MicroCMS.INFO: > GET /_profiler/wdt/568a59 [] []
[2016-10-13 12:17:10] MicroCMS.INFO: < 200 [] []
[2016-10-13 12:17:15] MicroCMS.INFO: Matched route "admin". {"route_parameters":{"_controller":"[object] (Closure: {})","_route":"admin"},"request_uri":"http://microcms/admin"} []
[2016-10-13 12:17:15] MicroCMS.INFO: > GET /admin [] []
[2016-10-13 12:17:15] MicroCMS.INFO: < 200 [] []
[2016-10-13 12:17:16] MicroCMS.INFO: Matched route "_wdt". {"route_parameters":{"_controller":"web_profiler.controller.profiler:toolbarAction","token":"55a24e","_route":"_wdt"},"request_uri":"http://microcms/_profiler/wdt/55a24e"} []
[2016-10-13 12:17:16] MicroCMS.INFO: > GET /_profiler/wdt/55a24e [] []
[2016-10-13 12:17:16] MicroCMS.INFO: < 200 [] []
[2016-10-13 12:17:19] MicroCMS.INFO: Matched route "article". {"route_parameters":{"_controller":"[object] (Closure: {})","id":"4","_route":"article"},"request_uri":"http://microcms/article/4"} []
[2016-10-13 12:17:19] MicroCMS.INFO: > GET /article/4 [] []
[2016-10-13 12:17:19] MicroCMS.INFO: < 200 [] []
[2016-10-13 12:17:19] MicroCMS.INFO: Matched route "_wdt". {"route_parameters":{"_controller":"web_profiler.controller.profiler:toolbarAction","token":"1aae51","_route":"_wdt"},"request_uri":"http://microcms/_profiler/wdt/1aae51"} []
[2016-10-13 12:17:19] MicroCMS.INFO: > GET /_profiler/wdt/1aae51 [] []
[2016-10-13 12:17:19] MicroCMS.INFO: < 200 [] []
[2016-10-13 12:17:22] MicroCMS.INFO: Matched route "home". {"route_parameters":{"_controller":"[object] (Closure: {})","_route":"home"},"request_uri":"http://microcms/"} []
[2016-10-13 12:17:22] MicroCMS.INFO: > GET / [] []
[2016-10-13 12:17:22] MicroCMS.INFO: < 200 [] []
[2016-10-13 12:17:23] MicroCMS.INFO: Matched route "_wdt". {"route_parameters":{"_controller":"web_profiler.controller.profiler:toolbarAction","token":"32a6ad","_route":"_wdt"},"request_uri":"http://microcms/_profiler/wdt/32a6ad"} []
[2016-10-13 12:17:23] MicroCMS.INFO: > GET /_profiler/wdt/32a6ad [] []
[2016-10-13 12:17:23] MicroCMS.INFO: < 200 [] []
[2016-10-13 12:17:46] MicroCMS.INFO: Matched route "api_articles". {"route_parameters":{"_controller":"[object] (Closure: {})","_route":"api_articles"},"request_uri":"http://microcms/api/articles"} []
[2016-10-13 12:17:46] MicroCMS.INFO: > GET /api/articles [] []
[2016-10-13 12:17:46] MicroCMS.INFO: < 200 [] []
[2016-10-13 12:17:56] MicroCMS.ERROR: Symfony\Component\HttpKernel\Exception\MethodNotAllowedHttpException: No route found for "POST /api/articles": Method Not Allowed (Allow: GET) (uncaught exception) at /var/www/html/MicroCMS/vendor/symfony/http-kernel/EventListener/RouterListener.php line 180 {"exception":"[object] (Symfony\\Component\\HttpKernel\\Exception\\MethodNotAllowedHttpException(code: 0): No route found for \"POST /api/articles\": Method Not Allowed (Allow: GET) at /var/www/html/MicroCMS/vendor/symfony/http-kernel/EventListener/RouterListener.php:180, Symfony\\Component\\Routing\\Exception\\MethodNotAllowedException(code: 0):  at /var/www/html/MicroCMS/vendor/symfony/routing/Matcher/UrlMatcher.php:97)"} []
[2016-10-13 12:17:56] MicroCMS.INFO: < 405 [] []
[2016-10-13 12:20:49] MicroCMS.ERROR: Symfony\Component\HttpKernel\Exception\MethodNotAllowedHttpException: No route found for "POST /api/articles": Method Not Allowed (Allow: GET) (uncaught exception) at /var/www/html/MicroCMS/vendor/symfony/http-kernel/EventListener/RouterListener.php line 180 {"exception":"[object] (Symfony\\Component\\HttpKernel\\Exception\\MethodNotAllowedHttpException(code: 0): No route found for \"POST /api/articles\": Method Not Allowed (Allow: GET) at /var/www/html/MicroCMS/vendor/symfony/http-kernel/EventListener/RouterListener.php:180, Symfony\\Component\\Routing\\Exception\\MethodNotAllowedException(code: 0):  at /var/www/html/MicroCMS/vendor/symfony/routing/Matcher/UrlMatcher.php:97)"} []
[2016-10-13 12:20:49] MicroCMS.INFO: < 405 [] []
[2016-10-13 12:23:23] MicroCMS.ERROR: Symfony\Component\HttpKernel\Exception\MethodNotAllowedHttpException: No route found for "POST /api/articles": Method Not Allowed (Allow: GET) (uncaught exception) at /var/www/html/MicroCMS/vendor/symfony/http-kernel/EventListener/RouterListener.php line 180 {"exception":"[object] (Symfony\\Component\\HttpKernel\\Exception\\MethodNotAllowedHttpException(code: 0): No route found for \"POST /api/articles\": Method Not Allowed (Allow: GET) at /var/www/html/MicroCMS/vendor/symfony/http-kernel/EventListener/RouterListener.php:180, Symfony\\Component\\Routing\\Exception\\MethodNotAllowedException(code: 0):  at /var/www/html/MicroCMS/vendor/symfony/routing/Matcher/UrlMatcher.php:97)"} []
[2016-10-13 12:23:23] MicroCMS.INFO: < 405 [] []
[2016-10-13 12:24:24] MicroCMS.ERROR: Symfony\Component\HttpKernel\Exception\MethodNotAllowedHttpException: No route found for "POST /api/articles": Method Not Allowed (Allow: GET) (uncaught exception) at /var/www/html/MicroCMS/vendor/symfony/http-kernel/EventListener/RouterListener.php line 180 {"exception":"[object] (Symfony\\Component\\HttpKernel\\Exception\\MethodNotAllowedHttpException(code: 0): No route found for \"POST /api/articles\": Method Not Allowed (Allow: GET) at /var/www/html/MicroCMS/vendor/symfony/http-kernel/EventListener/RouterListener.php:180, Symfony\\Component\\Routing\\Exception\\MethodNotAllowedException(code: 0):  at /var/www/html/MicroCMS/vendor/symfony/routing/Matcher/UrlMatcher.php:97)"} []
[2016-10-13 12:24:24] MicroCMS.INFO: < 405 [] []
[2016-10-13 12:25:02] MicroCMS.ERROR: Symfony\Component\HttpKernel\Exception\MethodNotAllowedHttpException: No route found for "POST /api/articles": Method Not Allowed (Allow: GET) (uncaught exception) at /var/www/html/MicroCMS/vendor/symfony/http-kernel/EventListener/RouterListener.php line 180 {"exception":"[object] (Symfony\\Component\\HttpKernel\\Exception\\MethodNotAllowedHttpException(code: 0): No route found for \"POST /api/articles\": Method Not Allowed (Allow: GET) at /var/www/html/MicroCMS/vendor/symfony/http-kernel/EventListener/RouterListener.php:180, Symfony\\Component\\Routing\\Exception\\MethodNotAllowedException(code: 0):  at /var/www/html/MicroCMS/vendor/symfony/routing/Matcher/UrlMatcher.php:97)"} []
[2016-10-13 12:25:02] MicroCMS.INFO: < 405 [] []
[2016-10-13 12:30:14] MicroCMS.ERROR: Symfony\Component\HttpKernel\Exception\MethodNotAllowedHttpException: No route found for "POST /api/articles": Method Not Allowed (Allow: GET) (uncaught exception) at /var/www/html/MicroCMS/vendor/symfony/http-kernel/EventListener/RouterListener.php line 180 {"exception":"[object] (Symfony\\Component\\HttpKernel\\Exception\\MethodNotAllowedHttpException(code: 0): No route found for \"POST /api/articles\": Method Not Allowed (Allow: GET) at /var/www/html/MicroCMS/vendor/symfony/http-kernel/EventListener/RouterListener.php:180, Symfony\\Component\\Routing\\Exception\\MethodNotAllowedException(code: 0):  at /var/www/html/MicroCMS/vendor/symfony/routing/Matcher/UrlMatcher.php:97)"} []
[2016-10-13 12:30:14] MicroCMS.INFO: < 405 [] []
[2016-10-13 12:35:09] MicroCMS.INFO: Matched route "api_article_add". {"route_parameters":{"_controller":"[object] (Closure: {})","_route":"api_article_add"},"request_uri":"http://microcms/api/article"} []
[2016-10-13 12:35:09] MicroCMS.INFO: > POST /api/article [] []
[2016-10-13 12:35:09] MicroCMS.INFO: < 201 [] []
[2016-10-13 12:35:16] MicroCMS.INFO: Matched route "home". {"route_parameters":{"_controller":"[object] (Closure: {})","_route":"home"},"request_uri":"http://microcms/"} []
[2016-10-13 12:35:16] MicroCMS.INFO: > GET / [] []
[2016-10-13 12:35:16] MicroCMS.INFO: < 200 [] []
[2016-10-13 12:35:16] MicroCMS.INFO: Matched route "_wdt". {"route_parameters":{"_controller":"web_profiler.controller.profiler:toolbarAction","token":"b62f0d","_route":"_wdt"},"request_uri":"http://microcms/_profiler/wdt/b62f0d"} []
[2016-10-13 12:35:16] MicroCMS.INFO: > GET /_profiler/wdt/b62f0d [] []
[2016-10-13 12:35:17] MicroCMS.INFO: < 200 [] []
[2016-10-13 11:15:43] MicroCMS.INFO: Matched route "home". {"route_parameters":{"_controller":"[object] (Closure: {})","_route":"home"},"request_uri":"http://localhost/"} []
[2016-10-13 11:15:43] MicroCMS.INFO: Populated the TokenStorage with an anonymous Token. [] []
[2016-10-13 11:15:43] MicroCMS.INFO: > GET / [] []
[2016-10-13 11:15:43] MicroCMS.INFO: < 200 [] []
[2016-10-13 11:15:43] MicroCMS.INFO: Matched route "article". {"route_parameters":{"_controller":"[object] (Closure: {})","id":"1","_route":"article"},"request_uri":"http://localhost/article/1"} []
[2016-10-13 11:15:43] MicroCMS.INFO: Populated the TokenStorage with an anonymous Token. [] []
[2016-10-13 11:15:43] MicroCMS.INFO: > GET /article/1 [] []
[2016-10-13 11:15:43] MicroCMS.INFO: < 200 [] []
[2016-10-13 11:15:43] MicroCMS.INFO: Matched route "login". {"route_parameters":{"_controller":"[object] (Closure: {})","_route":"login"},"request_uri":"http://localhost/login"} []
[2016-10-13 11:15:43] MicroCMS.INFO: Populated the TokenStorage with an anonymous Token. [] []
[2016-10-13 11:15:43] MicroCMS.INFO: > GET /login [] []
[2016-10-13 11:15:43] MicroCMS.INFO: < 200 [] []
[2016-10-13 11:15:43] MicroCMS.INFO: Matched route "admin". {"route_parameters":{"_controller":"[object] (Closure: {})","_route":"admin"},"request_uri":"http://localhost/admin"} []
[2016-10-13 11:15:43] MicroCMS.INFO: Populated the TokenStorage with an anonymous Token. [] []
[2016-10-13 11:15:43] MicroCMS.INFO: > GET /admin [] []
[2016-10-13 11:15:43] MicroCMS.INFO: < 200 [] []
[2016-10-13 11:15:43] MicroCMS.INFO: Matched route "admin_article_add". {"route_parameters":{"_controller":"[object] (Closure: {})","_route":"admin_article_add"},"request_uri":"http://localhost/admin/article/add"} []
[2016-10-13 11:15:43] MicroCMS.INFO: Populated the TokenStorage with an anonymous Token. [] []
[2016-10-13 11:15:43] MicroCMS.INFO: > GET /admin/article/add [] []
[2016-10-13 11:15:43] MicroCMS.INFO: < 200 [] []
[2016-10-13 11:15:43] MicroCMS.INFO: Matched route "admin_article_edit". {"route_parameters":{"_controller":"[object] (Closure: {})","id":"1","_route":"admin_article_edit"},"request_uri":"http://localhost/admin/article/1/edit"} []
[2016-10-13 11:15:43] MicroCMS.INFO: Populated the TokenStorage with an anonymous Token. [] []
[2016-10-13 11:15:43] MicroCMS.INFO: > GET /admin/article/1/edit [] []
[2016-10-13 11:15:43] MicroCMS.INFO: < 200 [] []
[2016-10-13 11:15:43] MicroCMS.INFO: Matched route "admin_comment_edit". {"route_parameters":{"_controller":"[object] (Closure: {})","id":"1","_route":"admin_comment_edit"},"request_uri":"http://localhost/admin/comment/1/edit"} []
[2016-10-13 11:15:43] MicroCMS.INFO: Populated the TokenStorage with an anonymous Token. [] []
[2016-10-13 11:15:43] MicroCMS.INFO: > GET /admin/comment/1/edit [] []
[2016-10-13 11:15:43] MicroCMS.INFO: < 200 [] []
[2016-10-13 11:15:43] MicroCMS.INFO: Matched route "admin_user_add". {"route_parameters":{"_controller":"[object] (Closure: {})","_route":"admin_user_add"},"request_uri":"http://localhost/admin/user/add"} []
[2016-10-13 11:15:43] MicroCMS.INFO: Populated the TokenStorage with an anonymous Token. [] []
[2016-10-13 11:15:43] MicroCMS.INFO: > GET /admin/user/add [] []
[2016-10-13 11:15:43] MicroCMS.INFO: < 200 [] []
[2016-10-13 11:15:43] MicroCMS.INFO: Matched route "admin_user_edit". {"route_parameters":{"_controller":"[object] (Closure: {})","id":"1","_route":"admin_user_edit"},"request_uri":"http://localhost/admin/user/1/edit"} []
[2016-10-13 11:15:43] MicroCMS.INFO: Populated the TokenStorage with an anonymous Token. [] []
[2016-10-13 11:15:43] MicroCMS.INFO: > GET /admin/user/1/edit [] []
[2016-10-13 11:15:43] MicroCMS.INFO: < 200 [] []
[2016-10-13 11:15:43] MicroCMS.INFO: Matched route "api_articles". {"route_parameters":{"_controller":"[object] (Closure: {})","_route":"api_articles"},"request_uri":"http://localhost/api/articles"} []
[2016-10-13 11:15:43] MicroCMS.INFO: Populated the TokenStorage with an anonymous Token. [] []
[2016-10-13 11:15:43] MicroCMS.INFO: > GET /api/articles [] []
[2016-10-13 11:15:43] MicroCMS.INFO: < 200 [] []
[2016-10-13 11:15:43] MicroCMS.INFO: Matched route "api_article". {"route_parameters":{"_controller":"[object] (Closure: {})","id":"1","_route":"api_article"},"request_uri":"http://localhost/api/article/1"} []
[2016-10-13 11:15:43] MicroCMS.INFO: Populated the TokenStorage with an anonymous Token. [] []
[2016-10-13 11:15:43] MicroCMS.INFO: > GET /api/article/1 [] []
[2016-10-13 11:15:43] MicroCMS.INFO: < 200 [] []
[2016-10-13 11:53:57] MicroCMS.INFO: Matched route "home". {"route_parameters":{"_controller":"MicroCMS\\Controller\\HomeController::indexAction","_route":"home"},"request_uri":"http://localhost/"} []
[2016-10-13 11:53:57] MicroCMS.INFO: Populated the TokenStorage with an anonymous Token. [] []
[2016-10-13 11:53:57] MicroCMS.INFO: > GET / [] []
[2016-10-13 11:53:57] MicroCMS.INFO: < 200 [] []
[2016-10-13 11:53:57] MicroCMS.INFO: Matched route "article". {"route_parameters":{"_controller":"MicroCMS\\Controller\\HomeController::articleAction","id":"1","_route":"article"},"request_uri":"http://localhost/article/1"} []
[2016-10-13 11:53:57] MicroCMS.INFO: Populated the TokenStorage with an anonymous Token. [] []
[2016-10-13 11:53:57] MicroCMS.INFO: > GET /article/1 [] []
[2016-10-13 11:53:57] MicroCMS.INFO: < 200 [] []
[2016-10-13 11:53:57] MicroCMS.INFO: Matched route "login". {"route_parameters":{"_controller":"MicroCMS\\Controller\\HomeController::loginAction","_route":"login"},"request_uri":"http://localhost/login"} []
[2016-10-13 11:53:57] MicroCMS.INFO: Populated the TokenStorage with an anonymous Token. [] []
[2016-10-13 11:53:57] MicroCMS.INFO: > GET /login [] []
[2016-10-13 11:53:57] MicroCMS.INFO: < 200 [] []
[2016-10-13 11:53:57] MicroCMS.INFO: Matched route "admin". {"route_parameters":{"_controller":"MicroCMS\\Controller\\AdminController::indexAction","_route":"admin"},"request_uri":"http://localhost/admin"} []
[2016-10-13 11:53:57] MicroCMS.INFO: Populated the TokenStorage with an anonymous Token. [] []
[2016-10-13 11:53:57] MicroCMS.INFO: > GET /admin [] []
[2016-10-13 11:53:57] MicroCMS.INFO: < 200 [] []
[2016-10-13 11:53:57] MicroCMS.INFO: Matched route "admin_article_add". {"route_parameters":{"_controller":"MicroCMS\\Controller\\AdminController::addArticleAction","_route":"admin_article_add"},"request_uri":"http://localhost/admin/article/add"} []
[2016-10-13 11:53:57] MicroCMS.INFO: Populated the TokenStorage with an anonymous Token. [] []
[2016-10-13 11:53:57] MicroCMS.INFO: > GET /admin/article/add [] []
[2016-10-13 11:53:57] MicroCMS.INFO: < 200 [] []
[2016-10-13 11:53:57] MicroCMS.INFO: Matched route "admin_article_edit". {"route_parameters":{"_controller":"MicroCMS\\Controller\\AdminController::editArticleAction","id":"1","_route":"admin_article_edit"},"request_uri":"http://localhost/admin/article/1/edit"} []
[2016-10-13 11:53:57] MicroCMS.INFO: Populated the TokenStorage with an anonymous Token. [] []
[2016-10-13 11:53:57] MicroCMS.INFO: > GET /admin/article/1/edit [] []
[2016-10-13 11:53:57] MicroCMS.INFO: < 200 [] []
[2016-10-13 11:53:57] MicroCMS.INFO: Matched route "admin_comment_edit". {"route_parameters":{"_controller":"MicroCMS\\Controller\\AdminController::editCommentAction","id":"1","_route":"admin_comment_edit"},"request_uri":"http://localhost/admin/comment/1/edit"} []
[2016-10-13 11:53:57] MicroCMS.INFO: Populated the TokenStorage with an anonymous Token. [] []
[2016-10-13 11:53:57] MicroCMS.INFO: > GET /admin/comment/1/edit [] []
[2016-10-13 11:53:57] MicroCMS.INFO: < 200 [] []
[2016-10-13 11:53:57] MicroCMS.INFO: Matched route "admin_user_add". {"route_parameters":{"_controller":"MicroCMS\\Controller\\AdminController::addUserAction","_route":"admin_user_add"},"request_uri":"http://localhost/admin/user/add"} []
[2016-10-13 11:53:57] MicroCMS.INFO: Populated the TokenStorage with an anonymous Token. [] []
[2016-10-13 11:53:57] MicroCMS.INFO: > GET /admin/user/add [] []
[2016-10-13 11:53:57] MicroCMS.INFO: < 200 [] []
[2016-10-13 11:53:57] MicroCMS.INFO: Matched route "admin_user_edit". {"route_parameters":{"_controller":"MicroCMS\\Controller\\AdminController::editUserAction","id":"1","_route":"admin_user_edit"},"request_uri":"http://localhost/admin/user/1/edit"} []
[2016-10-13 11:53:57] MicroCMS.INFO: Populated the TokenStorage with an anonymous Token. [] []
[2016-10-13 11:53:57] MicroCMS.INFO: > GET /admin/user/1/edit [] []
[2016-10-13 11:53:57] MicroCMS.INFO: < 200 [] []
[2016-10-13 11:53:57] MicroCMS.INFO: Matched route "api_articles". {"route_parameters":{"_controller":"MicroCMS\\Controller\\ApiController::getArticlesAction","_route":"api_articles"},"request_uri":"http://localhost/api/articles"} []
[2016-10-13 11:53:57] MicroCMS.INFO: Populated the TokenStorage with an anonymous Token. [] []
[2016-10-13 11:53:57] MicroCMS.INFO: > GET /api/articles [] []
[2016-10-13 11:53:57] MicroCMS.INFO: < 200 [] []
[2016-10-13 11:53:57] MicroCMS.INFO: Matched route "api_article". {"route_parameters":{"_controller":"MicroCMS\\Controller\\ApiController::getArticleAction","id":"1","_route":"api_article"},"request_uri":"http://localhost/api/article/1"} []
[2016-10-13 11:53:57] MicroCMS.INFO: Populated the TokenStorage with an anonymous Token. [] []
[2016-10-13 11:53:57] MicroCMS.INFO: > GET /api/article/1 [] []
[2016-10-13 11:53:57] MicroCMS.INFO: < 200 [] []
[2016-10-13 13:54:06] MicroCMS.INFO: Matched route "home". {"route_parameters":{"_controller":"MicroCMS\\Controller\\HomeController::indexAction","_route":"home"},"request_uri":"http://microcms/"} []
[2016-10-13 13:54:06] MicroCMS.INFO: Populated the TokenStorage with an anonymous Token. [] []
[2016-10-13 13:54:06] MicroCMS.INFO: > GET / [] []
[2016-10-13 13:54:06] MicroCMS.INFO: < 200 [] []
[2016-10-13 13:54:07] MicroCMS.INFO: Matched route "_wdt". {"route_parameters":{"_controller":"web_profiler.controller.profiler:toolbarAction","token":"e67a08","_route":"_wdt"},"request_uri":"http://microcms/_profiler/wdt/e67a08"} []
[2016-10-13 13:54:07] MicroCMS.INFO: Populated the TokenStorage with an anonymous Token. [] []
[2016-10-13 13:54:07] MicroCMS.INFO: > GET /_profiler/wdt/e67a08 [] []
[2016-10-13 13:54:07] MicroCMS.INFO: < 200 [] []
[2016-10-13 15:15:53] MicroCMS.INFO: Matched route "home". {"route_parameters":{"_controller":"MicroCMS\\Controller\\HomeController::indexAction","_route":"home"},"request_uri":"http://microcms/"} []
[2016-10-13 15:15:53] MicroCMS.INFO: Populated the TokenStorage with an anonymous Token. [] []
[2016-10-13 15:15:53] MicroCMS.INFO: > GET / [] []
[2016-10-13 15:15:53] MicroCMS.INFO: < 200 [] []
[2016-10-13 15:15:53] MicroCMS.INFO: Matched route "_wdt". {"route_parameters":{"_controller":"web_profiler.controller.profiler:toolbarAction","token":"a55f44","_route":"_wdt"},"request_uri":"http://microcms/_profiler/wdt/a55f44"} []
[2016-10-13 15:15:53] MicroCMS.INFO: Populated the TokenStorage with an anonymous Token. [] []
[2016-10-13 15:15:53] MicroCMS.INFO: > GET /_profiler/wdt/a55f44 [] []
[2016-10-13 15:15:53] MicroCMS.INFO: < 200 [] []
[2016-10-18 10:48:40] MicroCMS.INFO: Matched route "home". {"route_parameters":{"_controller":"MicroCMS\\Controller\\HomeController::indexAction","_route":"home"},"request_uri":"http://microcms/"} []
[2016-10-18 10:48:40] MicroCMS.INFO: Populated the TokenStorage with an anonymous Token. [] []
[2016-10-18 10:48:40] MicroCMS.INFO: > GET / [] []
[2016-10-18 10:48:41] MicroCMS.INFO: < 200 [] []
[2016-10-18 10:48:41] MicroCMS.INFO: Matched route "_wdt". {"route_parameters":{"_controller":"web_profiler.controller.profiler:toolbarAction","token":"d7a16b","_route":"_wdt"},"request_uri":"http://microcms/_profiler/wdt/d7a16b"} []
[2016-10-18 10:48:41] MicroCMS.INFO: Populated the TokenStorage with an anonymous Token. [] []
[2016-10-18 10:48:41] MicroCMS.INFO: > GET /_profiler/wdt/d7a16b [] []
[2016-10-18 10:48:42] MicroCMS.ERROR: Symfony\Component\HttpKernel\Exception\NotFoundHttpException: No route found for "GET /favicon.ico" (uncaught exception) at /var/www/html/MicroCMS/vendor/symfony/http-kernel/EventListener/RouterListener.php line 176 {"exception":"[object] (Symfony\\Component\\HttpKernel\\Exception\\NotFoundHttpException(code: 0): No route found for \"GET /favicon.ico\" at /var/www/html/MicroCMS/vendor/symfony/http-kernel/EventListener/RouterListener.php:176, Symfony\\Component\\Routing\\Exception\\ResourceNotFoundException(code: 0): No routes found for \"/favicon.ico\". at /var/www/html/MicroCMS/vendor/symfony/routing/Matcher/UrlMatcher.php:98)"} []
[2016-10-18 10:48:42] MicroCMS.INFO: < 404 [] []
[2016-10-18 10:48:42] MicroCMS.ERROR: Symfony\Component\HttpKernel\Exception\NotFoundHttpException: No route found for "GET /favicon.ico" (uncaught exception) at /var/www/html/MicroCMS/vendor/symfony/http-kernel/EventListener/RouterListener.php line 176 {"exception":"[object] (Symfony\\Component\\HttpKernel\\Exception\\NotFoundHttpException(code: 0): No route found for \"GET /favicon.ico\" at /var/www/html/MicroCMS/vendor/symfony/http-kernel/EventListener/RouterListener.php:176, Symfony\\Component\\Routing\\Exception\\ResourceNotFoundException(code: 0): No routes found for \"/favicon.ico\". at /var/www/html/MicroCMS/vendor/symfony/routing/Matcher/UrlMatcher.php:98)"} []
[2016-10-18 10:48:42] MicroCMS.INFO: < 404 [] []
[2016-10-18 10:48:42] MicroCMS.INFO: < 200 [] []
[2016-10-18 10:51:48] MicroCMS.INFO: Matched route "home". {"route_parameters":{"_controller":"MicroCMS\\Controller\\HomeController::indexAction","_route":"home"},"request_uri":"http://localhost/MicroCMS/web/"} []
[2016-10-18 10:51:48] MicroCMS.INFO: Populated the TokenStorage with an anonymous Token. [] []
[2016-10-18 10:51:48] MicroCMS.INFO: > GET /MicroCMS/web/ [] []
[2016-10-18 10:51:48] MicroCMS.INFO: < 200 [] []
[2016-10-18 10:52:47] MicroCMS.INFO: Matched route "home". {"route_parameters":{"_controller":"MicroCMS\\Controller\\HomeController::indexAction","_route":"home"},"request_uri":"http://localhost/MicroCMS/web/"} []
[2016-10-18 10:52:47] MicroCMS.INFO: Populated the TokenStorage with an anonymous Token. [] []
[2016-10-18 10:52:47] MicroCMS.INFO: > GET /MicroCMS/web/ [] []
[2016-10-18 10:52:47] MicroCMS.INFO: < 200 [] []
[2016-10-18 10:58:17] MicroCMS.INFO: Matched route "home". {"route_parameters":{"_controller":"MicroCMS\\Controller\\HomeController::indexAction","_route":"home"},"request_uri":"http://localhost/MicroCMS/web/"} []
[2016-10-18 10:58:17] MicroCMS.INFO: Populated the TokenStorage with an anonymous Token. [] []
[2016-10-18 10:58:17] MicroCMS.INFO: > GET /MicroCMS/web/ [] []
[2016-10-18 10:58:17] MicroCMS.INFO: < 200 [] []
[2016-10-18 10:58:43] MicroCMS.INFO: Matched route "home". {"route_parameters":{"_controller":"MicroCMS\\Controller\\HomeController::indexAction","_route":"home"},"request_uri":"http://localhost/MicroCMS/web/"} []
[2016-10-18 10:58:43] MicroCMS.INFO: Populated the TokenStorage with an anonymous Token. [] []
[2016-10-18 10:58:43] MicroCMS.INFO: > GET /MicroCMS/web/ [] []
[2016-10-18 10:58:43] MicroCMS.INFO: < 200 [] []
